<?xml version="1.0" encoding="UTF-8"?>
<testsuite name="AppTest" tests="4" skipped="0" failures="0" errors="0" timestamp="2017-12-24T20:48:10" hostname="unknown7831c1caac90" time="3.784">
  <properties/>
  <testcase name="testSkuGeneratorQueue" classname="AppTest" time="0.05"/>
  <testcase name="testReadJSONFile" classname="AppTest" time="0.0"/>
  <testcase name="testReadSku1" classname="AppTest" time="0.0"/>
  <testcase name="testSkuConsumer" classname="AppTest" time="3.732"/>
  <system-out><![CDATA[2017-12-24 21:48:11,005 INFO [pool-1-thread-2] stream.SkuConsumerManager  > Your query SKU object: sku-1, 0
2017-12-24 21:48:11,018 INFO [pool-1-thread-2] stream.SkuConsumerManager  > sku-18151, 70
2017-12-24 21:48:11,020 INFO [pool-1-thread-2] stream.SkuConsumerManager  > sku-3766, 79
2017-12-24 21:48:11,022 INFO [pool-1-thread-2] stream.SkuConsumerManager  > sku-14568, 79
2017-12-24 21:48:11,023 INFO [pool-1-thread-2] stream.SkuConsumerManager  > sku-3296, 81
2017-12-24 21:48:11,027 INFO [pool-1-thread-2] stream.SkuConsumerManager  > sku-14792, 86
2017-12-24 21:48:11,028 INFO [pool-1-thread-2] stream.SkuConsumerManager  > sku-2803, 86
2017-12-24 21:48:11,029 INFO [pool-1-thread-2] stream.SkuConsumerManager  > sku-4706, 88
2017-12-24 21:48:11,031 INFO [pool-1-thread-2] stream.SkuConsumerManager  > sku-17802, 89
2017-12-24 21:48:11,032 INFO [pool-1-thread-2] stream.SkuConsumerManager  > sku-6276, 90
2017-12-24 21:48:11,032 INFO [pool-1-thread-2] stream.SkuConsumerManager  > sku-1846, 91
]]></system-out>
  <system-err><![CDATA[]]></system-err>
</testsuite>
