<?xml version="1.0" encoding="UTF-8"?>
<testsuite name="AppTest" tests="3" skipped="0" failures="0" errors="0" timestamp="2017-12-24T14:59:21" hostname="Serdars-MBP" time="0.046">
  <properties/>
  <testcase name="testSkuGeneratorQueue" classname="AppTest" time="0.045"/>
  <testcase name="testReadJSONFile" classname="AppTest" time="0.0"/>
  <testcase name="testReadSku1" classname="AppTest" time="0.001"/>
  <system-out><![CDATA[]]></system-out>
  <system-err><![CDATA[]]></system-err>
</testsuite>
